0 info it worked if it ends with ok
1 verbose cli [ 'node', '/usr/local/bin/npm', 'i', '-g', 'typescript' ]
2 info using npm@1.4.28
3 info using node@v0.10.32
4 verbose cache add [ 'typescript', null ]
5 verbose cache add name=undefined spec="typescript" args=["typescript",null]
6 verbose parsed url { protocol: null,
6 verbose parsed url   slashes: null,
6 verbose parsed url   auth: null,
6 verbose parsed url   host: null,
6 verbose parsed url   port: null,
6 verbose parsed url   hostname: null,
6 verbose parsed url   hash: null,
6 verbose parsed url   search: null,
6 verbose parsed url   query: null,
6 verbose parsed url   pathname: 'typescript',
6 verbose parsed url   path: 'typescript',
6 verbose parsed url   href: 'typescript' }
7 silly lockFile fb9da861-typescript typescript
8 verbose lock typescript /Users/mapzchen/.npm/fb9da861-typescript.lock
9 silly lockFile fb9da861-typescript typescript
10 silly lockFile fb9da861-typescript typescript
11 verbose addNamed [ 'typescript', '' ]
12 verbose addNamed [ null, '*' ]
13 silly lockFile b598c0ef-typescript typescript@
14 verbose lock typescript@ /Users/mapzchen/.npm/b598c0ef-typescript.lock
15 silly addNameRange { name: 'typescript', range: '*', hasData: false }
16 verbose request where is /typescript
17 verbose request registry https://registry.npmjs.org/
18 verbose request id 29fe5c811119daa3
19 verbose url raw /typescript
20 verbose url resolving [ 'https://registry.npmjs.org/', './typescript' ]
21 verbose url resolved https://registry.npmjs.org/typescript
22 verbose request where is https://registry.npmjs.org/typescript
23 info trying registry request attempt 1 at 20:48:17
24 http GET https://registry.npmjs.org/typescript
25 http 200 https://registry.npmjs.org/typescript
26 silly registry.get cb [ 200,
26 silly registry.get   { server: 'CouchDB/1.5.0 (Erlang OTP/R16B03)',
26 silly registry.get     etag: '"C5VPRPZBZP8R84K97BDN7WW3V"',
26 silly registry.get     'content-type': 'application/json',
26 silly registry.get     'content-encoding': 'gzip',
26 silly registry.get     'cache-control': 'max-age=300',
26 silly registry.get     'content-length': '59697',
26 silly registry.get     'accept-ranges': 'bytes',
26 silly registry.get     date: 'Wed, 03 Aug 2016 12:48:23 GMT',
26 silly registry.get     via: '1.1 varnish',
26 silly registry.get     age: '17',
26 silly registry.get     connection: 'keep-alive',
26 silly registry.get     'x-served-by': 'cache-hkg6823-HKG',
26 silly registry.get     'x-cache': 'HIT',
26 silly registry.get     'x-cache-hits': '1',
26 silly registry.get     'x-timer': 'S1470228503.515870,VS0,VE0',
26 silly registry.get     vary: 'Accept-Encoding' } ]
27 silly addNameRange number 2 { name: 'typescript', range: '*', hasData: true }
28 silly addNameRange versions [ 'typescript',
28 silly addNameRange   [ '0.8.0',
28 silly addNameRange     '0.8.1',
28 silly addNameRange     '0.8.1-1',
28 silly addNameRange     '0.8.2',
28 silly addNameRange     '0.8.3',
28 silly addNameRange     '0.9.0',
28 silly addNameRange     '0.9.0-1',
28 silly addNameRange     '0.9.1',
28 silly addNameRange     '0.9.1-1',
28 silly addNameRange     '0.9.5',
28 silly addNameRange     '0.9.7',
28 silly addNameRange     '1.0.0',
28 silly addNameRange     '1.0.1',
28 silly addNameRange     '1.1.0-1',
28 silly addNameRange     '1.3.0',
28 silly addNameRange     '1.4.1',
28 silly addNameRange     '1.5.0-alpha',
28 silly addNameRange     '1.5.0-beta',
28 silly addNameRange     '1.5.3',
28 silly addNameRange     '1.6.0-dev.20150722.1',
28 silly addNameRange     '1.6.0-dev.20150723',
28 silly addNameRange     '1.6.0-dev.20150724',
28 silly addNameRange     '1.6.0-dev.20150725',
28 silly addNameRange     '1.6.0-dev.20150726',
28 silly addNameRange     '1.6.0-dev.20150727',
28 silly addNameRange     '1.6.0-dev.20150728',
28 silly addNameRange     '1.6.0-dev.20150729',
28 silly addNameRange     '1.6.0-dev.20150730',
28 silly addNameRange     '1.6.0-dev.20150731',
28 silly addNameRange     '1.6.0-dev.20150801',
28 silly addNameRange     '1.6.0-dev.20150802',
28 silly addNameRange     '1.6.0-dev.20150803',
28 silly addNameRange     '1.6.0-dev.20150804',
28 silly addNameRange     '1.6.0-dev.20150805',
28 silly addNameRange     '1.6.0-dev.20150806',
28 silly addNameRange     '1.6.0-dev.20150807',
28 silly addNameRange     '1.6.0-dev.20150808',
28 silly addNameRange     '1.6.0-dev.20150809',
28 silly addNameRange     '1.6.0-dev.20150810',
28 silly addNameRange     '1.6.0-dev.20150811',
28 silly addNameRange     '1.6.0-dev.20150812',
28 silly addNameRange     '1.6.0-dev.20150813',
28 silly addNameRange     '1.6.0-dev.20150814',
28 silly addNameRange     '1.6.0-dev.20150815',
28 silly addNameRange     '1.6.0-dev.20150816',
28 silly addNameRange     '1.6.0-dev.20150817',
28 silly addNameRange     '1.6.0-dev.20150818',
28 silly addNameRange     '1.6.0-dev.20150819',
28 silly addNameRange     '1.6.0-dev.20150820',
28 silly addNameRange     '1.6.0-dev.20150821',
28 silly addNameRange     '1.6.0-dev.20150822',
28 silly addNameRange     '1.6.0-dev.20150823',
28 silly addNameRange     '1.6.0-dev.20150824',
28 silly addNameRange     '1.6.0-dev.20150825',
28 silly addNameRange     '1.7.0-dev.20150826',
28 silly addNameRange     '1.7.0-dev.20150827',
28 silly addNameRange     '1.7.0-dev.20150828',
28 silly addNameRange     '1.7.0-dev.20150829',
28 silly addNameRange     '1.7.0-dev.20150830',
28 silly addNameRange     '1.7.0-dev.20150831',
28 silly addNameRange     '1.7.0-dev.20150901',
28 silly addNameRange     '1.7.0-dev.20150902',
28 silly addNameRange     '1.6.0-beta',
28 silly addNameRange     '1.7.0-dev.20150903',
28 silly addNameRange     '1.7.0-dev.20150904',
28 silly addNameRange     '1.6.0-dev.20150905',
28 silly addNameRange     '1.6.0-dev.20150906',
28 silly addNameRange     '1.6.0-dev.20150907',
28 silly addNameRange     '1.6.0-dev.20150908',
28 silly addNameRange     '1.6.0-dev.20150909',
28 silly addNameRange     '1.6.0-dev.20150910',
28 silly addNameRange     '1.6.0-dev.20150911',
28 silly addNameRange     '1.6.0-dev.20150912',
28 silly addNameRange     '1.6.0-dev.20150913',
28 silly addNameRange     '1.6.0-dev.20150914',
28 silly addNameRange     '1.6.0-dev.20150915',
28 silly addNameRange     '1.7.0-dev.20150916',
28 silly addNameRange     '1.6.2',
28 silly addNameRange     '1.7.0-dev.20150917',
28 silly addNameRange     '1.7.0-dev.20150918',
28 silly addNameRange     '1.7.0-dev.20150919',
28 silly addNameRange     '1.7.0-dev.20150920',
28 silly addNameRange     '1.7.0-dev.20150921',
28 silly addNameRange     '1.7.0-dev.20150922',
28 silly addNameRange     '1.7.0-dev.20150923',
28 silly addNameRange     '1.7.0-dev.20150924',
28 silly addNameRange     '1.7.0-dev.20150925',
28 silly addNameRange     '1.7.0-dev.20150926',
28 silly addNameRange     '1.7.0-dev.20150927',
28 silly addNameRange     '1.7.0-dev.20150928',
28 silly addNameRange     '1.7.0-dev.20150929',
28 silly addNameRange     '1.7.0-dev.20150930',
28 silly addNameRange     '1.7.0-dev.20151001',
28 silly addNameRange     '1.7.0-dev.20151002',
28 silly addNameRange     '1.7.0-dev.20151003',
28 silly addNameRange     '1.7.0-dev.20151004',
28 silly addNameRange     '1.7.0-dev.20151005',
28 silly addNameRange     '1.7.0-dev.20151006',
28 silly addNameRange     '1.7.0-dev.20151014',
28 silly addNameRange     '1.7.0-dev.20151015',
28 silly addNameRange     '1.7.0-dev.20151016',
28 silly addNameRange     '1.8.0-dev.20151017',
28 silly addNameRange     '1.8.0-dev.20151018',
28 silly addNameRange     '1.8.0-dev.20151019',
28 silly addNameRange     '1.8.0-dev.20151020',
28 silly addNameRange     '1.8.0-dev.20151021',
28 silly addNameRange     '1.8.0-dev.20151022',
28 silly addNameRange     '1.8.0-dev.20151023',
28 silly addNameRange     '1.8.0-dev.20151024',
28 silly addNameRange     '1.8.0-dev.20151025',
28 silly addNameRange     '1.8.0-dev.20151026',
28 silly addNameRange     '1.8.0-dev.20151027',
28 silly addNameRange     '1.8.0-dev.20151028',
28 silly addNameRange     '1.8.0-dev.20151029',
28 silly addNameRange     '1.8.0-dev.20151030',
28 silly addNameRange     '1.8.0-dev.20151031',
28 silly addNameRange     '1.8.0-dev.20151101',
28 silly addNameRange     '1.8.0-dev.20151102',
28 silly addNameRange     '1.8.0-dev.20151103',
28 silly addNameRange     '1.8.0-dev.20151104',
28 silly addNameRange     '1.8.0-dev.20151105',
28 silly addNameRange     '1.8.0-dev.20151106',
28 silly addNameRange     '1.8.0-dev.20151107',
28 silly addNameRange     '1.8.0-dev.20151108',
28 silly addNameRange     '1.8.0-dev.20151109',
28 silly addNameRange     '1.8.0-dev.20151110',
28 silly addNameRange     '1.8.0-dev.20151111',
28 silly addNameRange     '1.8.0-dev.20151112',
28 silly addNameRange     '1.8.0-dev.20151113',
28 silly addNameRange     '1.8.0-dev.20151114',
28 silly addNameRange     '1.8.0-dev.20151115',
28 silly addNameRange     '1.8.0-dev.20151116',
28 silly addNameRange     '1.8.0-dev.20151117',
28 silly addNameRange     '1.8.0-dev.20151118',
28 silly addNameRange     '1.8.0-dev.20151119',
28 silly addNameRange     '1.8.0-dev.20151120',
28 silly addNameRange     '1.8.0-dev.20151121',
28 silly addNameRange     '1.8.0-dev.20151122',
28 silly addNameRange     '1.8.0-dev.20151123',
28 silly addNameRange     '1.8.0-dev.20151124',
28 silly addNameRange     '1.8.0-dev.20151125',
28 silly addNameRange     '1.8.0-dev.20151126',
28 silly addNameRange     '1.8.0-dev.20151127',
28 silly addNameRange     '1.8.0-dev.20151128',
28 silly addNameRange     '1.8.0-dev.20151129',
28 silly addNameRange     '1.8.0-dev.20151130',
28 silly addNameRange     '1.7.3',
28 silly addNameRange     '1.8.0-dev.20151201',
28 silly addNameRange     '1.8.0-dev.20151202',
28 silly addNameRange     '1.8.0-dev.20151203',
28 silly addNameRange     '1.8.0-dev.20151204',
28 silly addNameRange     '1.8.0-dev.20151210',
28 silly addNameRange     '1.8.0-dev.20151211',
28 silly addNameRange     '1.8.0-dev.20151212',
28 silly addNameRange     '1.8.0-dev.20151213',
28 silly addNameRange     '1.8.0-dev.20151214',
28 silly addNameRange     '1.7.5',
28 silly addNameRange     '1.8.0-dev.20151215',
28 silly addNameRange     '1.8.0-dev.20151216',
28 silly addNameRange     '1.8.0-dev.20151217',
28 silly addNameRange     '1.8.0-dev.20151218',
28 silly addNameRange     '1.8.0-dev.20151219',
28 silly addNameRange     '1.8.0-dev.20151220',
28 silly addNameRange     '1.8.0-dev.20151221',
28 silly addNameRange     '1.8.0-dev.20151222',
28 silly addNameRange     '1.8.0-dev.20151223',
28 silly addNameRange     '1.8.0-dev.20151224',
28 silly addNameRange     '1.8.0-dev.20151225',
28 silly addNameRange     '1.8.0-dev.20151226',
28 silly addNameRange     '1.8.0-dev.20151227',
28 silly addNameRange     '1.8.0-dev.20151228',
28 silly addNameRange     '1.8.0-dev.20151229',
28 silly addNameRange     '1.8.0-dev.20151230',
28 silly addNameRange     '1.8.0-dev.20151231',
28 silly addNameRange     '1.8.0-dev.20160101',
28 silly addNameRange     '1.8.0-dev.20160102',
28 silly addNameRange     '1.8.0-dev.20160103',
28 silly addNameRange     '1.8.0-dev.20160104',
28 silly addNameRange     '1.8.0-dev.20160105',
28 silly addNameRange     '1.8.0-dev.20160106',
28 silly addNameRange     '1.8.0-dev.20160107',
28 silly addNameRange     '1.8.0-dev.20160108',
28 silly addNameRange     '1.8.0-dev.20160109',
28 silly addNameRange     '1.8.0-dev.20160110',
28 silly addNameRange     '1.8.0-dev.20160111',
28 silly addNameRange     '1.8.0-dev.20160112',
28 silly addNameRange     '1.8.0-dev.20160113',
28 silly addNameRange     '1.8.0-dev.20160114',
28 silly addNameRange     '1.8.0-dev.20160115',
28 silly addNameRange     '1.8.0-dev.20160116',
28 silly addNameRange     '1.8.0-dev.20160117',
28 silly addNameRange     '1.8.0-dev.20160118',
28 silly addNameRange     '1.8.0-dev.20160119',
28 silly addNameRange     '1.8.0-dev.20160120',
28 silly addNameRange     '1.8.0-dev.20160121',
28 silly addNameRange     '1.8.0-dev.20160122',
28 silly addNameRange     '1.8.0-dev.20160123',
28 silly addNameRange     '1.8.0-dev.20160124',
28 silly addNameRange     '1.8.0-dev.20160125',
28 silly addNameRange     '1.9.0-dev.20160126',
28 silly addNameRange     '1.9.0-dev.20160127',
28 silly addNameRange     '1.9.0-dev.20160128',
28 silly addNameRange     '1.8.0',
28 silly addNameRange     '1.9.0-dev.20160129',
28 silly addNameRange     '1.9.0-dev.20160130',
28 silly addNameRange     '1.9.0-dev.20160131',
28 silly addNameRange     '1.9.0-dev.20160201',
28 silly addNameRange     '1.9.0-dev.20160202',
28 silly addNameRange     '1.9.0-dev.20160203',
28 silly addNameRange     '1.9.0-dev.20160204',
28 silly addNameRange     '1.9.0-dev.20160205',
28 silly addNameRange     '1.9.0-dev.20160206',
28 silly addNameRange     '1.9.0-dev.20160207',
28 silly addNameRange     '1.9.0-dev.20160208',
28 silly addNameRange     '1.9.0-dev.20160209',
28 silly addNameRange     '1.9.0-dev.20160210',
28 silly addNameRange     '1.9.0-dev.20160211',
28 silly addNameRange     '1.9.0-dev.20160212',
28 silly addNameRange     '1.9.0-dev.20160213',
28 silly addNameRange     '1.9.0-dev.20160214',
28 silly addNameRange     '1.9.0-dev.20160215',
28 silly addNameRange     '1.9.0-dev.20160216',
28 silly addNameRange     '1.9.0-dev.20160217',
28 silly addNameRange     '1.9.0-dev.20160218',
28 silly addNameRange     '1.9.0-dev.20160219',
28 silly addNameRange     '1.9.0-dev.20160220',
28 silly addNameRange     '1.9.0-dev.20160221',
28 silly addNameRange     '1.9.0-dev.20160222',
28 silly addNameRange     '1.8.2',
28 silly addNameRange     '1.9.0-dev.20160223',
28 silly addNameRange     '1.9.0-dev.20160224',
28 silly addNameRange     '1.9.0-dev.20160225',
28 silly addNameRange     '1.9.0-dev.20160226',
28 silly addNameRange     '1.9.0-dev.20160227',
28 silly addNameRange     '1.9.0-dev.20160228',
28 silly addNameRange     '1.9.0-dev.20160229',
28 silly addNameRange     '1.9.0-dev.20160301',
28 silly addNameRange     '1.8.5',
28 silly addNameRange     '1.8.6',
28 silly addNameRange     '1.8.7',
28 silly addNameRange     '1.9.0-dev.20160302',
28 silly addNameRange     '1.9.0-dev.20160302.1',
28 silly addNameRange     '1.9.0-dev.20160303',
28 silly addNameRange     '1.9.0-dev.20160304',
28 silly addNameRange     '1.9.0-dev.20160305',
28 silly addNameRange     '1.9.0-dev.20160306',
28 silly addNameRange     '1.9.0-dev.20160307',
28 silly addNameRange     '1.9.0-dev.20160308',
28 silly addNameRange     '1.9.0-dev.20160309',
28 silly addNameRange     '1.9.0-dev.20160310',
28 silly addNameRange     '1.9.0-dev.20160311',
28 silly addNameRange     '1.9.0-dev.20160312',
28 silly addNameRange     '1.9.0-dev.20160313',
28 silly addNameRange     '1.9.0-dev.20160315',
28 silly addNameRange     '1.9.0-dev.20160316',
28 silly addNameRange     '1.8.9',
28 silly addNameRange     '1.9.0-dev.20160317',
28 silly addNameRange     '1.9.0-dev.20160318',
28 silly addNameRange     '1.9.0-dev.20160319',
28 silly addNameRange     '1.9.0-dev.20160320',
28 silly addNameRange     '1.9.0-dev.20160321',
28 silly addNameRange     '1.9.0-dev.20160322',
28 silly addNameRange     '1.9.0-dev.20160323',
28 silly addNameRange     '1.9.0-dev.20160324',
28 silly addNameRange     '1.9.0-dev.20160325',
28 silly addNameRange     '1.9.0-dev.20160326',
28 silly addNameRange     '1.9.0-dev.20160327',
28 silly addNameRange     '1.9.0-dev.20160328',
28 silly addNameRange     '1.9.0-dev.20160329',
28 silly addNameRange     '1.9.0-dev.20160330',
28 silly addNameRange     '1.9.0-dev.20160331',
28 silly addNameRange     '1.9.0-dev.20160401',
28 silly addNameRange     '1.9.0-dev.20160402',
28 silly addNameRange     '1.9.0-dev.20160403',
28 silly addNameRange     '1.9.0-dev.20160404',
28 silly addNameRange     '1.9.0-dev.20160405',
28 silly addNameRange     '1.9.0-dev.20160406',
28 silly addNameRange     '1.9.0-dev.20160407',
28 silly addNameRange     '1.9.0-dev.20160408',
28 silly addNameRange     '1.9.0-dev.20160409',
28 silly addNameRange     '1.9.0-dev.20160411',
28 silly addNameRange     '1.9.0-dev.20160412',
28 silly addNameRange     '1.8.10',
28 silly addNameRange     '1.9.0-dev.20160413',
28 silly addNameRange     '1.9.0-dev.20160414',
28 silly addNameRange     '1.9.0-dev.20160415',
28 silly addNameRange     '1.9.0-dev.20160416',
28 silly addNameRange     '1.9.0-dev.20160417',
28 silly addNameRange     '1.9.0-dev.20160418',
28 silly addNameRange     '1.9.0-dev.20160419',
28 silly addNameRange     '1.9.0-dev.20160420',
28 silly addNameRange     '1.9.0-dev.20160421',
28 silly addNameRange     '1.9.0-dev.20160422',
28 silly addNameRange     '1.9.0-dev.20160423',
28 silly addNameRange     '1.9.0-dev.20160424',
28 silly addNameRange     '1.9.0-dev.20160425',
28 silly addNameRange     '1.9.0-dev.20160426',
28 silly addNameRange     '1.9.0-dev.20160427',
28 silly addNameRange     '1.9.0-dev.20160428',
28 silly addNameRange     '1.9.0-dev.20160428-1.0',
28 silly addNameRange     '1.9.0-dev.20160429',
28 silly addNameRange     '1.9.0-dev.20160430',
28 silly addNameRange     '1.9.0-dev.20160501',
28 silly addNameRange     '1.9.0-dev.20160502',
28 silly addNameRange     '1.9.0-dev.20160503',
28 silly addNameRange     '1.9.0-dev.20160504',
28 silly addNameRange     '1.9.0-dev.20160505',
28 silly addNameRange     '1.9.0-dev.20160506',
28 silly addNameRange     '1.9.0-dev.20160507',
28 silly addNameRange     '1.9.0-dev.20160508',
28 silly addNameRange     '1.9.0-dev.20160509',
28 silly addNameRange     '1.9.0-dev.20160510',
28 silly addNameRange     '1.9.0-dev.20160511',
28 silly addNameRange     '1.9.0-dev.20160512',
28 silly addNameRange     '1.9.0-dev.20160513',
28 silly addNameRange     '1.9.0-dev.20160514',
28 silly addNameRange     '1.9.0-dev.20160515',
28 silly addNameRange     '1.9.0-dev.20160516',
28 silly addNameRange     '1.9.0-dev.20160517-1.0',
28 silly addNameRange     '1.9.0-dev.20160518-1.0',
28 silly addNameRange     '1.9.0-dev.20160519-1.0',
28 silly addNameRange     '1.9.0-dev.20160520-1.0',
28 silly addNameRange     '1.9.0-dev.20160521-1.0',
28 silly addNameRange     '1.9.0-dev.20160522-1.0',
28 silly addNameRange     '1.9.0-dev.20160523-1.0',
28 silly addNameRange     '1.9.0-dev.20160524-1.0',
28 silly addNameRange     '1.9.0-dev.20160525-1.0',
28 silly addNameRange     '1.9.0-dev.20160526-1.0',
28 silly addNameRange     '1.9.0-dev.20160527-1.0',
28 silly addNameRange     '1.9.0-dev.20160528-1.0',
28 silly addNameRange     '1.9.0-dev.20160529-1.0',
28 silly addNameRange     '1.9.0-dev.20160530-1.0',
28 silly addNameRange     '1.9.0-dev.20160531-1.0',
28 silly addNameRange     '1.9.0-dev.20160601-1.0',
28 silly addNameRange     '1.9.0-dev.20160602-1.0',
28 silly addNameRange     '1.9.0-dev.20160603-1.0',
28 silly addNameRange     '1.9.0-dev.20160604-1.0',
28 silly addNameRange     '1.9.0-dev.20160605-1.0',
28 silly addNameRange     '1.9.0-dev.20160606-1.0',
28 silly addNameRange     '1.9.0-dev.20160607-1.0',
28 silly addNameRange     '1.9.0-dev.20160608-1.0',
28 silly addNameRange     '1.9.0-dev.20160609-1.0',
28 silly addNameRange     '1.9.0-dev.20160610-1.0',
28 silly addNameRange     '1.9.0-dev.20160611-1.0',
28 silly addNameRange     '1.9.0-dev.20160612-1.0',
28 silly addNameRange     '1.9.0-dev.20160613-1.0',
28 silly addNameRange     '1.9.0-dev.20160614-1.0',
28 silly addNameRange     '1.9.0-dev.20160615-1.0',
28 silly addNameRange     '1.9.0-dev.20160616-1.0',
28 silly addNameRange     '1.9.0-dev.20160617-1.0',
28 silly addNameRange     '1.9.0-dev.20160618-1.0',
28 silly addNameRange     '1.9.0-dev.20160619-1.0',
28 silly addNameRange     '1.9.0-dev.20160620-1.0',
28 silly addNameRange     '1.9.0-dev.20160622-1.0',
28 silly addNameRange     '1.9.0-dev.20160623-1.0',
28 silly addNameRange     '1.9.0-dev.20160624-1.0',
28 silly addNameRange     '1.9.0-dev.20160625-1.0',
28 silly addNameRange     '1.9.0-dev.20160626-1.0',
28 silly addNameRange     '1.9.0-dev.20160627-1.0',
28 silly addNameRange     '2.0.0-dev.20160628',
28 silly addNameRange     '2.0.0-dev.20160629',
28 silly addNameRange     '2.0.0-dev.20160630',
28 silly addNameRange     '2.0.0-dev.20160701',
28 silly addNameRange     '2.0.0-dev.20160702',
28 silly addNameRange     '2.0.0-dev.20160703',
28 silly addNameRange     '2.0.0-dev.20160704',
28 silly addNameRange     '2.0.0-dev.20160705',
28 silly addNameRange     '2.0.0-dev.20160706',
28 silly addNameRange     '2.0.0-dev.20160707',
28 silly addNameRange     '2.0.0-dev.20160711',
28 silly addNameRange     '2.0.0',
28 silly addNameRange     '2.1.0-dev.20160712',
28 silly addNameRange     '2.1.0-dev.20160713',
28 silly addNameRange     '2.1.0-dev.20160714',
28 silly addNameRange     '2.1.0-dev.20160715',
28 silly addNameRange     '2.1.0-dev.20160716',
28 silly addNameRange     '2.1.0-dev.20160717',
28 silly addNameRange     '2.1.0-dev.20160718',
28 silly addNameRange     '2.1.0-dev.20160719',
28 silly addNameRange     '2.1.0-dev.20160720',
28 silly addNameRange     '2.1.0-dev.20160721',
28 silly addNameRange     '2.1.0-dev.20160722',
28 silly addNameRange     '2.1.0-dev.20160723',
28 silly addNameRange     '2.1.0-dev.20160724',
28 silly addNameRange     '2.1.0-dev.20160725',
28 silly addNameRange     '2.1.0-dev.20160726',
28 silly addNameRange     '2.1.0-dev.20160727',
28 silly addNameRange     '2.1.0-dev.20160728',
28 silly addNameRange     '2.1.0-dev.20160729',
28 silly addNameRange     '2.1.0-dev.20160730',
28 silly addNameRange     '2.1.0-dev.20160731',
28 silly addNameRange     '2.1.0-dev.20160801',
28 silly addNameRange     '2.1.0-dev.20160802',
28 silly addNameRange     '2.1.0-dev.20160803' ] ]
29 verbose addNamed [ 'typescript', '1.8.10' ]
30 verbose addNamed [ '1.8.10', '1.8.10' ]
31 silly lockFile 1c978ea3-typescript-1-8-10 typescript@1.8.10
32 verbose lock typescript@1.8.10 /Users/mapzchen/.npm/1c978ea3-typescript-1-8-10.lock
33 silly lockFile 3c2e900e-typescript-typescript-1-8-10-tgz https://registry.npmjs.org/typescript/-/typescript-1.8.10.tgz
34 verbose lock https://registry.npmjs.org/typescript/-/typescript-1.8.10.tgz /Users/mapzchen/.npm/3c2e900e-typescript-typescript-1-8-10-tgz.lock
35 verbose addRemoteTarball [ 'https://registry.npmjs.org/typescript/-/typescript-1.8.10.tgz',
35 verbose addRemoteTarball   'b475d6e0dff0bf50f296e5ca6ef9fbb5c7320f1e' ]
36 info retry fetch attempt 1 at 20:48:32
37 verbose fetch to= /var/folders/qs/wh91wz0n7gjb45htk24t7mph0000gn/T/npm-42726-7RMpLlom/registry.npmjs.org/typescript/-/typescript-1.8.10.tgz
38 http GET https://registry.npmjs.org/typescript/-/typescript-1.8.10.tgz
39 http 200 https://registry.npmjs.org/typescript/-/typescript-1.8.10.tgz
40 silly lockFile 3c2e900e-typescript-typescript-1-8-10-tgz https://registry.npmjs.org/typescript/-/typescript-1.8.10.tgz
41 silly lockFile 3c2e900e-typescript-typescript-1-8-10-tgz https://registry.npmjs.org/typescript/-/typescript-1.8.10.tgz
42 silly lockFile 1c978ea3-typescript-1-8-10 typescript@1.8.10
43 silly lockFile 1c978ea3-typescript-1-8-10 typescript@1.8.10
44 silly lockFile b598c0ef-typescript typescript@
45 silly lockFile b598c0ef-typescript typescript@
46 silly resolved [ { name: 'typescript',
46 silly resolved     author: { name: 'Microsoft Corp.' },
46 silly resolved     homepage: 'http://typescriptlang.org/',
46 silly resolved     version: '1.8.10',
46 silly resolved     license: 'Apache-2.0',
46 silly resolved     description: 'TypeScript is a language for application scale JavaScript development',
46 silly resolved     keywords: [ 'TypeScript', 'Microsoft', 'compiler', 'language', 'javascript' ],
46 silly resolved     bugs: { url: 'https://github.com/Microsoft/TypeScript/issues' },
46 silly resolved     repository:
46 silly resolved      { type: 'git',
46 silly resolved        url: 'git+https://github.com/Microsoft/TypeScript.git' },
46 silly resolved     main: './lib/typescript.js',
46 silly resolved     typings: './lib/typescript.d.ts',
46 silly resolved     bin: { tsc: './bin/tsc', tsserver: './bin/tsserver' },
46 silly resolved     engines: { node: '>=0.8.0' },
46 silly resolved     devDependencies:
46 silly resolved      { jake: 'latest',
46 silly resolved        mocha: '2.3.4',
46 silly resolved        chai: 'latest',
46 silly resolved        browserify: 'latest',
46 silly resolved        istanbul: 'latest',
46 silly resolved        'mocha-fivemat-progress-reporter': 'latest',
46 silly resolved        tslint: 'next',
46 silly resolved        typescript: 'next',
46 silly resolved        tsd: 'latest' },
46 silly resolved     scripts:
46 silly resolved      { pretest: 'jake tests',
46 silly resolved        test: 'jake runtests',
46 silly resolved        build: 'npm run build:compiler && npm run build:tests',
46 silly resolved        'build:compiler': 'jake local',
46 silly resolved        'build:tests': 'jake tests',
46 silly resolved        clean: 'jake clean',
46 silly resolved        jake: 'jake',
46 silly resolved        lint: 'jake lint',
46 silly resolved        'setup-hooks': 'node scripts/link-hooks.js' },
46 silly resolved     browser: { buffer: false, fs: false, os: false, path: false },
46 silly resolved     gitHead: '794c57478ec2a44ee15fb3e245a4c5d2d1612375',
46 silly resolved     _id: 'typescript@1.8.10',
46 silly resolved     _shasum: 'b475d6e0dff0bf50f296e5ca6ef9fbb5c7320f1e',
46 silly resolved     _from: 'typescript@',
46 silly resolved     _npmVersion: '2.14.2',
46 silly resolved     _nodeVersion: '5.9.0',
46 silly resolved     _npmUser: { name: 'typescript', email: 'typescript@microsoft.com' },
46 silly resolved     maintainers: [ [Object] ],
46 silly resolved     dist:
46 silly resolved      { shasum: 'b475d6e0dff0bf50f296e5ca6ef9fbb5c7320f1e',
46 silly resolved        tarball: 'https://registry.npmjs.org/typescript/-/typescript-1.8.10.tgz' },
46 silly resolved     _npmOperationalInternal:
46 silly resolved      { host: 'packages-12-west.internal.npmjs.com',
46 silly resolved        tmp: 'tmp/typescript-1.8.10.tgz_1460493736776_0.9304528103675693' },
46 silly resolved     directories: {},
46 silly resolved     _resolved: 'https://registry.npmjs.org/typescript/-/typescript-1.8.10.tgz' } ]
47 info install typescript@1.8.10 into /usr/local/lib
48 info installOne typescript@1.8.10
49 verbose lib/node_modules/typescript unbuild
50 verbose tar unpack /Users/mapzchen/.npm/typescript/1.8.10/package.tgz
51 silly lockFile 2d878377-ocal-lib-node-modules-typescript tar:///usr/local/lib/node_modules/typescript
52 verbose lock tar:///usr/local/lib/node_modules/typescript /Users/mapzchen/.npm/2d878377-ocal-lib-node-modules-typescript.lock
53 silly lockFile a3f8be6d-pm-typescript-1-8-10-package-tgz tar:///Users/mapzchen/.npm/typescript/1.8.10/package.tgz
54 verbose lock tar:///Users/mapzchen/.npm/typescript/1.8.10/package.tgz /Users/mapzchen/.npm/a3f8be6d-pm-typescript-1-8-10-package-tgz.lock
55 silly gunzTarPerm modes [ '755', '644' ]
56 error Error: EACCES, mkdir '/usr/local/lib/node_modules/typescript'
56 error  { [Error: EACCES, mkdir '/usr/local/lib/node_modules/typescript']
56 error   errno: 3,
56 error   code: 'EACCES',
56 error   path: '/usr/local/lib/node_modules/typescript',
56 error   fstream_type: 'Directory',
56 error   fstream_path: '/usr/local/lib/node_modules/typescript',
56 error   fstream_class: 'DirWriter',
56 error   fstream_stack:
56 error    [ '/usr/local/lib/node_modules/npm/node_modules/fstream/lib/dir-writer.js:36:23',
56 error      '/usr/local/lib/node_modules/npm/node_modules/mkdirp/index.js:46:53',
56 error      'Object.oncomplete (fs.js:107:15)' ] }
57 error Please try running this command again as root/Administrator.
58 error System Darwin 15.5.0
59 error command "node" "/usr/local/bin/npm" "i" "-g" "typescript"
60 error cwd /Users/mapzchen/Git_Folder/mEmApZ/mExApZ
61 error node -v v0.10.32
62 error npm -v 1.4.28
63 error path /usr/local/lib/node_modules/typescript
64 error fstream_path /usr/local/lib/node_modules/typescript
65 error fstream_type Directory
66 error fstream_class DirWriter
67 error code EACCES
68 error errno 3
69 error stack Error: EACCES, mkdir '/usr/local/lib/node_modules/typescript'
70 error fstream_stack /usr/local/lib/node_modules/npm/node_modules/fstream/lib/dir-writer.js:36:23
70 error fstream_stack /usr/local/lib/node_modules/npm/node_modules/mkdirp/index.js:46:53
70 error fstream_stack Object.oncomplete (fs.js:107:15)
71 verbose exit [ 3, true ]
