2016-09-08 18:08:35,484 [Dummy-1:123145307557888] [django.db.backends:89] [DEBUG]- (0.002) 
            SELECT name, type FROM sqlite_master
            WHERE type in ('table', 'view') AND NOT name='sqlite_sequence'
            ORDER BY name; args=None
2016-09-08 18:08:35,487 [Dummy-1:123145307557888] [django.db.backends:89] [DEBUG]- (0.000) SELECT "django_migrations"."app", "django_migrations"."name" FROM "django_migrations"; args=()
2016-09-08 18:21:49,903 [Dummy-1:123145307557888] [django.db.backends:89] [DEBUG]- (0.002) 
            SELECT name, type FROM sqlite_master
            WHERE type in ('table', 'view') AND NOT name='sqlite_sequence'
            ORDER BY name; args=None
2016-09-08 18:21:49,906 [Dummy-1:123145307557888] [django.db.backends:89] [DEBUG]- (0.000) SELECT "django_migrations"."app", "django_migrations"."name" FROM "django_migrations"; args=()
2016-09-08 19:25:37,649 [Dummy-1:123145307557888] [django.db.backends:89] [DEBUG]- (0.002) 
            SELECT name, type FROM sqlite_master
            WHERE type in ('table', 'view') AND NOT name='sqlite_sequence'
            ORDER BY name; args=None
2016-09-08 19:25:37,653 [Dummy-1:123145307557888] [django.db.backends:89] [DEBUG]- (0.000) SELECT "django_migrations"."app", "django_migrations"."name" FROM "django_migrations"; args=()
2016-09-08 19:26:18,386 [Dummy-1:123145307557888] [django.db.backends:89] [DEBUG]- (0.001) 
            SELECT name, type FROM sqlite_master
            WHERE type in ('table', 'view') AND NOT name='sqlite_sequence'
            ORDER BY name; args=None
2016-09-08 19:26:18,389 [Dummy-1:123145307557888] [django.db.backends:89] [DEBUG]- (0.000) SELECT "django_migrations"."app", "django_migrations"."name" FROM "django_migrations"; args=()
2016-09-08 19:26:21,221 [Dummy-1:123145307557888] [django.db.backends:89] [DEBUG]- (0.001) 
            SELECT name, type FROM sqlite_master
            WHERE type in ('table', 'view') AND NOT name='sqlite_sequence'
            ORDER BY name; args=None
2016-09-08 19:26:21,224 [Dummy-1:123145307557888] [django.db.backends:89] [DEBUG]- (0.000) SELECT "django_migrations"."app", "django_migrations"."name" FROM "django_migrations"; args=()
